'\a'           CCHAR        44
'\b'           CCHAR        44
'\f'           CCHAR        44
'\n'           CCHAR        44
'\r'           CCHAR        44
'\t'           CCHAR        44
'\v'           CCHAR        44
'\\'           CCHAR        44
'\?'           CCHAR        44
'\"'           CCHAR        44
'\0'           CCHAR        44
'a'            CCHAR        44
string        STRING         6
str               ID        42
=             ASSIGN        33
"abc\""      CSTRING        49
;               SEMI        32
""           CSTRING        49
bool            BOOL         5
b                 ID        42
=             ASSIGN        33
true           CBOOL        48
;               SEMI        32
test              ID        42
.                DOT        34
ab                ID        42
while          WHILE         9
(             LPARTH        36
num               ID        42
!=                NE        26
100             CINT        43
)             RPARTH        37
{             LBRACE        40
++               INC        27
num               ID        42
;               SEMI        32
}             RBRACE        41
Comment: [line:20]  // Test

