int              INT         1
[             LBRACK        43
20              CINT        48
]             RBRACK        44
[             LBRACK        43
20              CINT        48
]             RBRACK        44
lst               ID        0x7fb62b4039a8
;               SEMI        37
int              INT         1
a                 ID        0x7fb62b403c08
,              COMMA        36
b                 ID        0x7fb62b403d18
;               SEMI        37
int              INT         1
c                 ID        0x7fb62b403e78
,              COMMA        36
d                 ID        0x7fb62b403ab8
;               SEMI        37
int              INT         1
e                 ID        0x7fb62b404228
,              COMMA        36
f                 ID        0x7fb62b404338
;               SEMI        37
float          FLOAT         3
g                 ID        0x7fb62b404498
=             ASSIGN        38
20.0          CFLOAT        51
;               SEMI        37
int              INT         1
h                 ID        0x7fb62b404698
=             ASSIGN        38
20.5          CFLOAT        51
;               SEMI        37
Comment: [line:6]  // Warning
int              INT         1
x                 ID        0x7fb62b404028
,              COMMA        36
y                 ID        0x7fb62b4047a8
,              COMMA        36
z                 ID        0x7fb62b4048b8
;               SEMI        37
if                IF        13
(             LPARTH        41
a                 ID        0x7fb62b403c08
<                 LT        28
b                 ID        0x7fb62b403d18
||               LOR        24
(             LPARTH        41
c                 ID        0x7fb62b403e78
<                 LT        28
d                 ID        0x7fb62b403ab8
&&              LAND        23
e                 ID        0x7fb62b404228
<                 LT        28
f                 ID        0x7fb62b404338
)             RPARTH        42
)             RPARTH        42
{             LBRACE        45
z                 ID        0x7fb62b4048b8
=             ASSIGN        38
x                 ID        0x7fb62b404028
+               PLUS        19
y                 ID        0x7fb62b4047a8
;               SEMI        37
}             RBRACE        46
else            ELSE        14
{             LBRACE        45
z                 ID        0x7fb62b4048b8
=             ASSIGN        38
x                 ID        0x7fb62b404028
*              MULTI        21
y                 ID        0x7fb62b4047a8
;               SEMI        37
}             RBRACE        46
z                 ID        0x7fb62b4048b8
=             ASSIGN        38
x                 ID        0x7fb62b404028
+               PLUS        19
y                 ID        0x7fb62b4047a8
;               SEMI        37
if                IF        13
(             LPARTH        41
a                 ID        0x7fb62b403c08
>                 GT        26
b                 ID        0x7fb62b403d18
&&              LAND        23
e                 ID        0x7fb62b404228
>                 GT        26
f                 ID        0x7fb62b404338
)             RPARTH        42
{             LBRACE        45
z                 ID        0x7fb62b4048b8
=             ASSIGN        38
a                 ID        0x7fb62b403c08
+               PLUS        19
b                 ID        0x7fb62b403d18
;               SEMI        37
}             RBRACE        46
z                 ID        0x7fb62b4048b8
=             ASSIGN        38
x                 ID        0x7fb62b404028
*              MULTI        21
y                 ID        0x7fb62b4047a8
;               SEMI        37
while          WHILE        11
(             LPARTH        41
z                 ID        0x7fb62b4048b8
<                 LT        28
100             CINT        48
)             RPARTH        42
{             LBRACE        45
z                 ID        0x7fb62b4048b8
=             ASSIGN        38
z                 ID        0x7fb62b4048b8
+               PLUS        19
1               CINT        48
;               SEMI        37
}             RBRACE        46
z                 ID        0x7fb62b4048b8
=             ASSIGN        38
z                 ID        0x7fb62b4048b8
+               PLUS        19
100             CINT        48
;               SEMI        37

