[Symbol]       0x7fc5884048f8 
[Name]         z              
[Type]         INT            
[Width]        4              
[Offset]       1644           
[Value]                 0
[Decl_pos]     7              
[Next]         0x7fc5884047e8 

[Symbol]       0x7fc5884047e8 
[Name]         y              
[Type]         INT            
[Width]        4              
[Offset]       1640           
[Value]                 0
[Decl_pos]     7              
[Next]         0x7fc588404068 

[Symbol]       0x7fc588404068 
[Name]         x              
[Type]         INT            
[Width]        4              
[Offset]       1636           
[Value]                 0
[Decl_pos]     7              
[Next]         0x7fc5884046d8 

[Symbol]       0x7fc5884046d8 
[Name]         h              
[Type]         INT            
[Width]        4              
[Offset]       1632           
[Value]                 0
[Decl_pos]     6              
[Next]         0x7fc5884044d8 

[Symbol]       0x7fc5884044d8 
[Name]         g              
[Type]         FLOAT          
[Width]        8              
[Offset]       1624           
[Value]        
[Decl_pos]     5              
[Next]         0x7fc588404378 

[Symbol]       0x7fc588404378 
[Name]         f              
[Type]         INT            
[Width]        4              
[Offset]       1620           
[Value]                 0
[Decl_pos]     4              
[Next]         0x7fc588404268 

[Symbol]       0x7fc588404268 
[Name]         e              
[Type]         INT            
[Width]        4              
[Offset]       1616           
[Value]                 0
[Decl_pos]     4              
[Next]         0x7fc588403af8 

[Symbol]       0x7fc588403af8 
[Name]         d              
[Type]         INT            
[Width]        4              
[Offset]       1612           
[Value]                 0
[Decl_pos]     3              
[Next]         0x7fc588403eb8 

[Symbol]       0x7fc588403eb8 
[Name]         c              
[Type]         INT            
[Width]        4              
[Offset]       1608           
[Value]                 0
[Decl_pos]     3              
[Next]         0x7fc588403d58 

[Symbol]       0x7fc588403d58 
[Name]         b              
[Type]         INT            
[Width]        4              
[Offset]       1604           
[Value]                 0
[Decl_pos]     2              
[Next]         0x7fc588403c48 

[Symbol]       0x7fc588403c48 
[Name]         a              
[Type]         INT            
[Width]        4              
[Offset]       1600           
[Value]                 0
[Decl_pos]     2              
[Next]         0x7fc5884039e8 

[Symbol]       0x7fc5884039e8 
[Name]         lst            
[Type]         ARRAY          
[Width]        1600           
[Offset]       0              
[Value]        
[Decl_pos]     1              
[Next]         0x0            

