0         int                           3
0         short                         4
0         long                          5
0         char                          6
0         float                         7
0         double                        8
0         void                          9
0         unsigned                      10
1         int                           3
1         short                         4
1         long                          5
1         char                          6
1         float                         7
1         double                        8
1         void                          9
1         unsigned                      10
2         id                            13
10        int                           3
10        short                         4
10        long                          5
10        char                          6
10        float                         7
10        double                        8
10        void                          9
10        unsigned                      10
12        int                           3
12        short                         4
12        long                          5
12        char                          6
12        float                         7
12        double                        8
12        void                          9
12        unsigned                      10
13        (                             16
16        int                           3
16        short                         4
16        long                          5
16        char                          6
16        float                         7
16        double                        8
16        void                          9
16        unsigned                      10
17        )                             19
18        id                            20
19        ;                             22
19        {                             24
20        ,                             26
24        int                           3
24        short                         4
24        long                          5
24        char                          6
24        float                         7
24        double                        8
24        void                          9
24        unsigned                      10
26        int                           3
26        short                         4
26        long                          5
26        char                          6
26        float                         7
26        double                        8
26        void                          9
26        unsigned                      10
27        continue                      38
27        break                         39
27        return                        40
27        while                         41
27        for                           42
27        do                            43
27        if                            44
27        switch                        45
27        (                             49
27        id                            50
27        digit                         52
28        int                           3
28        short                         4
28        long                          5
28        char                          6
28        float                         7
28        double                        8
28        void                          9
28        unsigned                      10
29        id                            54
30        id                            55
31        }                             56
32        continue                      38
32        break                         39
32        return                        40
32        while                         41
32        for                           42
32        do                            43
32        if                            44
32        switch                        45
32        (                             49
32        id                            50
32        digit                         52
37        ;                             58
38        ;                             59
39        ;                             60
40        (                             49
40        id                            50
40        digit                         52
41        (                             63
42        (                             64
43        {                             66
44        (                             67
45        (                             68
46        >                             72
46        >=                            73
46        <                             74
46        <=                            75
46        ==                            76
46        !=                            77
46        =                             78
46        +=                            79
46        -=                            80
46        *=                            81
46        /=                            82
46        %=                            83
47        +                             85
47        -                             86
48        *                             88
48        /                             89
48        %                             90
49        (                             49
49        id                            50
49        digit                         52
50        (                             93
54        =                             95
55        ,                             26
61        ;                             97
63        !                             99
63        (                             49
63        id                            50
63        digit                         52
64        (                             49
64        id                            50
64        digit                         52
65        while                         102
66        continue                      38
66        break                         39
66        return                        40
66        while                         41
66        for                           42
66        do                            43
66        if                            44
66        switch                        45
66        (                             49
66        id                            50
66        digit                         52
67        !                             99
67        (                             49
67        id                            50
67        digit                         52
68        id                            105
70        (                             49
70        id                            50
70        digit                         52
71        (                             49
71        id                            50
71        digit                         52
85        (                             49
85        id                            50
85        digit                         52
86        (                             49
86        id                            50
86        digit                         52
88        (                             49
88        id                            50
88        digit                         52
89        (                             49
89        id                            50
89        digit                         52
90        (                             49
90        id                            50
90        digit                         52
91        )                             113
93        (                             49
93        id                            50
93        digit                         52
94        ,                             117
95        (                             49
95        id                            50
95        digit                         52
98        )                             119
99        (                             49
99        id                            50
99        digit                         52
100       &&                            123
100       ||                            124
101       ;                             125
102       (                             126
103       }                             127
104       )                             128
105       )                             129
108       +                             85
108       -                             86
109       +                             85
109       -                             86
110       *                             88
110       /                             89
110       %                             90
111       *                             88
111       /                             89
111       %                             90
112       *                             88
112       /                             89
112       %                             90
114       )                             135
115       ,                             137
116       ;                             138
117       id                            139
119       {                             66
120       &&                            123
120       ||                            124
122       (                             49
122       id                            50
122       digit                         52
125       (                             49
125       id                            50
125       digit                         52
126       !                             99
126       (                             49
126       id                            50
126       digit                         52
128       {                             66
129       {                             146
137       (                             49
137       id                            50
137       digit                         52
139       =                             95
142       &&                            123
142       ||                            124
143       ;                             150
144       )                             151
145       else                          153
146       case                          155
147       ,                             137
148       ,                             117
150       (                             49
150       id                            50
150       digit                         52
151       ;                             159
153       {                             66
154       case                          155
155       digit                         52
158       )                             164
161       default                       166
162       case                          155
163       :                             168
164       {                             66
165       }                             170
166       :                             171
168       continue                      38
168       break                         39
168       return                        40
168       while                         41
168       for                           42
168       do                            43
168       if                            44
168       switch                        45
168       (                             49
168       id                            50
168       digit                         52
171       continue                      38
171       break                         39
171       return                        40
171       while                         41
171       for                           42
171       do                            43
171       if                            44
171       switch                        45
171       (                             49
171       id                            50
171       digit                         52
