[Symbol]       0x7fc5884048f8 
[Name]         z              
[Type]         VOID           
[Width]        0              
[Offset]       0              
[Value]        
[Decl_pos]     7              
[Next]         0x7fc5884047e8 

[Symbol]       0x7fc5884047e8 
[Name]         y              
[Type]         VOID           
[Width]        0              
[Offset]       0              
[Value]        
[Decl_pos]     7              
[Next]         0x7fc588404068 

[Symbol]       0x7fc588404068 
[Name]         x              
[Type]         VOID           
[Width]        0              
[Offset]       0              
[Value]        
[Decl_pos]     7              
[Next]         0x7fc5884046d8 

[Symbol]       0x7fc5884046d8 
[Name]         h              
[Type]         VOID           
[Width]        0              
[Offset]       0              
[Value]        
[Decl_pos]     6              
[Next]         0x7fc5884044d8 

[Symbol]       0x7fc5884044d8 
[Name]         g              
[Type]         VOID           
[Width]        0              
[Offset]       0              
[Value]        
[Decl_pos]     5              
[Next]         0x7fc588404378 

[Symbol]       0x7fc588404378 
[Name]         f              
[Type]         VOID           
[Width]        0              
[Offset]       0              
[Value]        
[Decl_pos]     4              
[Next]         0x7fc588404268 

[Symbol]       0x7fc588404268 
[Name]         e              
[Type]         VOID           
[Width]        0              
[Offset]       0              
[Value]        
[Decl_pos]     4              
[Next]         0x7fc588403af8 

[Symbol]       0x7fc588403af8 
[Name]         d              
[Type]         VOID           
[Width]        0              
[Offset]       0              
[Value]        
[Decl_pos]     3              
[Next]         0x7fc588403eb8 

[Symbol]       0x7fc588403eb8 
[Name]         c              
[Type]         VOID           
[Width]        0              
[Offset]       0              
[Value]        
[Decl_pos]     3              
[Next]         0x7fc588403d58 

[Symbol]       0x7fc588403d58 
[Name]         b              
[Type]         VOID           
[Width]        0              
[Offset]       0              
[Value]        
[Decl_pos]     2              
[Next]         0x7fc588403c48 

[Symbol]       0x7fc588403c48 
[Name]         a              
[Type]         VOID           
[Width]        0              
[Offset]       0              
[Value]        
[Decl_pos]     2              
[Next]         0x7fc5884039e8 

[Symbol]       0x7fc5884039e8 
[Name]         lst            
[Type]         VOID           
[Width]        0              
[Offset]       0              
[Value]        
[Decl_pos]     1              
[Next]         0x0            

